<?xml version="1.0" encoding="utf-8"?>
<shfbBuild product="Sandcastle Help File Builder" version="1.9.6.0" projectFile="C:\Users\Андрей\Documents\GitHub\BillingSystem-CSharp\Help\BillingSystemHelpFileBuilder.shfbproj" started="22.12.2012 14:48:32">
<buildStep step="Initializing">
Finding tools...
Found Sandcastle tools in &#39;C:\Program Files (x86)\Sandcastle\&#39;
Searching for HTML Help 1 compiler...
Found HTML Help 1 compiler in &#39;C:\Program Files (x86)\HTML Help Workshop\&#39;
</buildStep>
<buildStep step="ValidatingDocumentationSources">
Validating and copying documentation source information
Source: C:\Users\Андрей\Documents\GitHub\BillingSystem-CSharp\bin\Debug\BillingSystem.exe
    Found assembly &#39;C:\Users\Андрей\Documents\GitHub\BillingSystem-CSharp\bin\Debug\BillingSystem.exe&#39;
Source: C:\Users\Андрей\Documents\GitHub\BillingSystem-CSharp\bin\Debug\BillingSystem.xml

Copying XML comments files
    C:\Users\Андрей\Documents\GitHub\BillingSystem-CSharp\bin\Debug\BillingSystem.XML -&gt; C:\Users\Андрей\Documents\GitHub\BillingSystem-CSharp\Help\Help\Working\BillingSystem.XML
</buildStep>
<buildStep step="GenerateSharedContent">
Generating shared content files (ru-RU, Русский (Россия))...
    Last step completed in 00:00:00.7320
</buildStep>
<buildStep step="GenerateApiFilter">
Generating API filter for MRefBuilder...
    Last step completed in 00:00:00.2470
</buildStep>
<buildStep step="GenerateReflectionInfo">
Generating reflection information...
[c:\Windows\Microsoft.NET\Framework64\v4.0.30319\MSBuild.exe]
  MRefBuilder (v2.7.2.0)
  Copyright c 2006-2012, Microsoft Corporation, All Rights Reserved
  Info: Loaded 1 assemblies for reflection and 0 dependency assemblies.
  Info: Wrote information on 7 namespaces, 52 types, and 291 members
  XslTransform (v2.7.2.0)
  Copyright c 2006-2012, Microsoft Corporation, All Rights Reserved
  Info: Applying XSL transformation &#39;C:\Program Files (x86)\Sandcastle\ProductionTransforms\MergeDuplicates.xsl&#39;.
    Last step completed in 00:00:10.6096
</buildStep>
<buildStep step="GenerateNamespaceSummaries">
Generating namespace summary information...
    Last step completed in 00:00:00.2400
</buildStep>
<buildStep step="ApplyVisibilityProperties">
Applying visibility properties to reflection information file
    7 attribute nodes removed
    0 explicit interface implementations removed
    50 local and base class EII elements removed
    5183 inherited member elements removed
    23 protected members noted for removal
    0 protected inherited framework members noted for removal
    Removing previously noted unwanted APIs and elements
    Last step completed in 00:00:01.2001
</buildStep>
<buildStep step="TransformReflectionInfo">
Transforming reflection output...
[c:\Windows\Microsoft.NET\Framework64\v4.0.30319\MSBuild.exe]
  XslTransform (v2.7.2.0)
  Copyright c 2006-2012, Microsoft Corporation, All Rights Reserved
  Info: Applying XSL transformation &#39;C:\Program Files (x86)\Sandcastle\\ProductionTransforms\ApplyVSDocModel.xsl&#39;.
  Info: Applying XSL transformation &#39;C:\Program Files (x86)\Sandcastle\ProductionTransforms\AddGuidFilenames.xsl&#39;.
  XslTransform (v2.7.2.0)
  Copyright c 2006-2012, Microsoft Corporation, All Rights Reserved
  Info: Applying XSL transformation &#39;C:\Program Files (x86)\Sandcastle\ProductionTransforms\ReflectionToManifest.xsl&#39;.
    Last step completed in 00:00:08.2005
</buildStep>
<buildStep step="ModifyHelpTopicFilenames">
Modifying help topic filenames in reflection information file
    No changes required
    Last step completed in 00:00:00.0830
</buildStep>
<buildStep step="CopyStandardContent">
Copying standard help content...
C:\Program Files (x86)\Sandcastle\\Presentation\VS2010\icons\1_404_bullet.gif -&gt; C:\Users\Андрей\Documents\GitHub\BillingSystem-CSharp\Help\Help\Working\Output\HtmlHelp1\icons\1_404_bullet.gif
C:\Program Files (x86)\Sandcastle\\Presentation\VS2010\icons\2_404_bullet.gif -&gt; C:\Users\Андрей\Documents\GitHub\BillingSystem-CSharp\Help\Help\Working\Output\HtmlHelp1\icons\2_404_bullet.gif
C:\Program Files (x86)\Sandcastle\\Presentation\VS2010\icons\alert_caution.gif -&gt; C:\Users\Андрей\Documents\GitHub\BillingSystem-CSharp\Help\Help\Working\Output\HtmlHelp1\icons\alert_caution.gif
C:\Program Files (x86)\Sandcastle\\Presentation\VS2010\icons\alert_note.gif -&gt; C:\Users\Андрей\Documents\GitHub\BillingSystem-CSharp\Help\Help\Working\Output\HtmlHelp1\icons\alert_note.gif
C:\Program Files (x86)\Sandcastle\\Presentation\VS2010\icons\alert_security.gif -&gt; C:\Users\Андрей\Documents\GitHub\BillingSystem-CSharp\Help\Help\Working\Output\HtmlHelp1\icons\alert_security.gif
C:\Program Files (x86)\Sandcastle\\Presentation\VS2010\icons\CFW.gif -&gt; C:\Users\Андрей\Documents\GitHub\BillingSystem-CSharp\Help\Help\Working\Output\HtmlHelp1\icons\CFW.gif
C:\Program Files (x86)\Sandcastle\\Presentation\VS2010\icons\close.gif -&gt; C:\Users\Андрей\Documents\GitHub\BillingSystem-CSharp\Help\Help\Working\Output\HtmlHelp1\icons\close.gif
C:\Program Files (x86)\Sandcastle\\Presentation\VS2010\icons\favicon.ico -&gt; C:\Users\Андрей\Documents\GitHub\BillingSystem-CSharp\Help\Help\Working\Output\HtmlHelp1\icons\favicon.ico
C:\Program Files (x86)\Sandcastle\\Presentation\VS2010\icons\footer_slice.gif -&gt; C:\Users\Андрей\Documents\GitHub\BillingSystem-CSharp\Help\Help\Working\Output\HtmlHelp1\icons\footer_slice.gif
C:\Program Files (x86)\Sandcastle\\Presentation\VS2010\icons\info_icon.gif -&gt; C:\Users\Андрей\Documents\GitHub\BillingSystem-CSharp\Help\Help\Working\Output\HtmlHelp1\icons\info_icon.gif
C:\Program Files (x86)\Sandcastle\\Presentation\VS2010\icons\note.gif -&gt; C:\Users\Андрей\Documents\GitHub\BillingSystem-CSharp\Help\Help\Working\Output\HtmlHelp1\icons\note.gif
C:\Program Files (x86)\Sandcastle\\Presentation\VS2010\icons\online_icon.gif -&gt; C:\Users\Андрей\Documents\GitHub\BillingSystem-CSharp\Help\Help\Working\Output\HtmlHelp1\icons\online_icon.gif
C:\Program Files (x86)\Sandcastle\\Presentation\VS2010\icons\open.gif -&gt; C:\Users\Андрей\Documents\GitHub\BillingSystem-CSharp\Help\Help\Working\Output\HtmlHelp1\icons\open.gif
C:\Program Files (x86)\Sandcastle\\Presentation\VS2010\icons\pencil.GIF -&gt; C:\Users\Андрей\Documents\GitHub\BillingSystem-CSharp\Help\Help\Working\Output\HtmlHelp1\icons\pencil.GIF
C:\Program Files (x86)\Sandcastle\\Presentation\VS2010\icons\privclass.gif -&gt; C:\Users\Андрей\Documents\GitHub\BillingSystem-CSharp\Help\Help\Working\Output\HtmlHelp1\icons\privclass.gif
C:\Program Files (x86)\Sandcastle\\Presentation\VS2010\icons\privdelegate.gif -&gt; C:\Users\Андрей\Documents\GitHub\BillingSystem-CSharp\Help\Help\Working\Output\HtmlHelp1\icons\privdelegate.gif
C:\Program Files (x86)\Sandcastle\\Presentation\VS2010\icons\privenumeration.gif -&gt; C:\Users\Андрей\Documents\GitHub\BillingSystem-CSharp\Help\Help\Working\Output\HtmlHelp1\icons\privenumeration.gif
C:\Program Files (x86)\Sandcastle\\Presentation\VS2010\icons\privevent.gif -&gt; C:\Users\Андрей\Documents\GitHub\BillingSystem-CSharp\Help\Help\Working\Output\HtmlHelp1\icons\privevent.gif
C:\Program Files (x86)\Sandcastle\\Presentation\VS2010\icons\privextension.gif -&gt; C:\Users\Андрей\Documents\GitHub\BillingSystem-CSharp\Help\Help\Working\Output\HtmlHelp1\icons\privextension.gif
C:\Program Files (x86)\Sandcastle\\Presentation\VS2010\icons\privfield.gif -&gt; C:\Users\Андрей\Documents\GitHub\BillingSystem-CSharp\Help\Help\Working\Output\HtmlHelp1\icons\privfield.gif
C:\Program Files (x86)\Sandcastle\\Presentation\VS2010\icons\privinterface.gif -&gt; C:\Users\Андрей\Documents\GitHub\BillingSystem-CSharp\Help\Help\Working\Output\HtmlHelp1\icons\privinterface.gif
C:\Program Files (x86)\Sandcastle\\Presentation\VS2010\icons\privmethod.gif -&gt; C:\Users\Андрей\Documents\GitHub\BillingSystem-CSharp\Help\Help\Working\Output\HtmlHelp1\icons\privmethod.gif
C:\Program Files (x86)\Sandcastle\\Presentation\VS2010\icons\privproperty.gif -&gt; C:\Users\Андрей\Documents\GitHub\BillingSystem-CSharp\Help\Help\Working\Output\HtmlHelp1\icons\privproperty.gif
C:\Program Files (x86)\Sandcastle\\Presentation\VS2010\icons\privstructure.gif -&gt; C:\Users\Андрей\Documents\GitHub\BillingSystem-CSharp\Help\Help\Working\Output\HtmlHelp1\icons\privstructure.gif
C:\Program Files (x86)\Sandcastle\\Presentation\VS2010\icons\protclass.gif -&gt; C:\Users\Андрей\Documents\GitHub\BillingSystem-CSharp\Help\Help\Working\Output\HtmlHelp1\icons\protclass.gif
C:\Program Files (x86)\Sandcastle\\Presentation\VS2010\icons\protdelegate.gif -&gt; C:\Users\Андрей\Documents\GitHub\BillingSystem-CSharp\Help\Help\Working\Output\HtmlHelp1\icons\protdelegate.gif
C:\Program Files (x86)\Sandcastle\\Presentation\VS2010\icons\protenumeration.gif -&gt; C:\Users\Андрей\Documents\GitHub\BillingSystem-CSharp\Help\Help\Working\Output\HtmlHelp1\icons\protenumeration.gif
C:\Program Files (x86)\Sandcastle\\Presentation\VS2010\icons\protevent.gif -&gt; C:\Users\Андрей\Documents\GitHub\BillingSystem-CSharp\Help\Help\Working\Output\HtmlHelp1\icons\protevent.gif
C:\Program Files (x86)\Sandcastle\\Presentation\VS2010\icons\protextension.gif -&gt; C:\Users\Андрей\Documents\GitHub\BillingSystem-CSharp\Help\Help\Working\Output\HtmlHelp1\icons\protextension.gif
C:\Program Files (x86)\Sandcastle\\Presentation\VS2010\icons\protfield.gif -&gt; C:\Users\Андрей\Documents\GitHub\BillingSystem-CSharp\Help\Help\Working\Output\HtmlHelp1\icons\protfield.gif
C:\Program Files (x86)\Sandcastle\\Presentation\VS2010\icons\protinterface.gif -&gt; C:\Users\Андрей\Documents\GitHub\BillingSystem-CSharp\Help\Help\Working\Output\HtmlHelp1\icons\protinterface.gif
C:\Program Files (x86)\Sandcastle\\Presentation\VS2010\icons\protmethod.gif -&gt; C:\Users\Андрей\Documents\GitHub\BillingSystem-CSharp\Help\Help\Working\Output\HtmlHelp1\icons\protmethod.gif
C:\Program Files (x86)\Sandcastle\\Presentation\VS2010\icons\protoperator.gif -&gt; C:\Users\Андрей\Documents\GitHub\BillingSystem-CSharp\Help\Help\Working\Output\HtmlHelp1\icons\protoperator.gif
C:\Program Files (x86)\Sandcastle\\Presentation\VS2010\icons\protproperty.gif -&gt; C:\Users\Андрей\Documents\GitHub\BillingSystem-CSharp\Help\Help\Working\Output\HtmlHelp1\icons\protproperty.gif
C:\Program Files (x86)\Sandcastle\\Presentation\VS2010\icons\protstructure.gif -&gt; C:\Users\Андрей\Documents\GitHub\BillingSystem-CSharp\Help\Help\Working\Output\HtmlHelp1\icons\protstructure.gif
C:\Program Files (x86)\Sandcastle\\Presentation\VS2010\icons\pubclass.gif -&gt; C:\Users\Андрей\Documents\GitHub\BillingSystem-CSharp\Help\Help\Working\Output\HtmlHelp1\icons\pubclass.gif
C:\Program Files (x86)\Sandcastle\\Presentation\VS2010\icons\pubdelegate.gif -&gt; C:\Users\Андрей\Documents\GitHub\BillingSystem-CSharp\Help\Help\Working\Output\HtmlHelp1\icons\pubdelegate.gif
C:\Program Files (x86)\Sandcastle\\Presentation\VS2010\icons\pubenumeration.gif -&gt; C:\Users\Андрей\Documents\GitHub\BillingSystem-CSharp\Help\Help\Working\Output\HtmlHelp1\icons\pubenumeration.gif
C:\Program Files (x86)\Sandcastle\\Presentation\VS2010\icons\pubevent.gif -&gt; C:\Users\Андрей\Documents\GitHub\BillingSystem-CSharp\Help\Help\Working\Output\HtmlHelp1\icons\pubevent.gif
C:\Program Files (x86)\Sandcastle\\Presentation\VS2010\icons\pubextension.gif -&gt; C:\Users\Андрей\Documents\GitHub\BillingSystem-CSharp\Help\Help\Working\Output\HtmlHelp1\icons\pubextension.gif
C:\Program Files (x86)\Sandcastle\\Presentation\VS2010\icons\pubfield.gif -&gt; C:\Users\Андрей\Documents\GitHub\BillingSystem-CSharp\Help\Help\Working\Output\HtmlHelp1\icons\pubfield.gif
C:\Program Files (x86)\Sandcastle\\Presentation\VS2010\icons\pubinterface.gif -&gt; C:\Users\Андрей\Documents\GitHub\BillingSystem-CSharp\Help\Help\Working\Output\HtmlHelp1\icons\pubinterface.gif
C:\Program Files (x86)\Sandcastle\\Presentation\VS2010\icons\pubmethod.gif -&gt; C:\Users\Андрей\Documents\GitHub\BillingSystem-CSharp\Help\Help\Working\Output\HtmlHelp1\icons\pubmethod.gif
C:\Program Files (x86)\Sandcastle\\Presentation\VS2010\icons\puboperator.gif -&gt; C:\Users\Андрей\Documents\GitHub\BillingSystem-CSharp\Help\Help\Working\Output\HtmlHelp1\icons\puboperator.gif
C:\Program Files (x86)\Sandcastle\\Presentation\VS2010\icons\pubproperty.gif -&gt; C:\Users\Андрей\Documents\GitHub\BillingSystem-CSharp\Help\Help\Working\Output\HtmlHelp1\icons\pubproperty.gif
C:\Program Files (x86)\Sandcastle\\Presentation\VS2010\icons\pubstructure.gif -&gt; C:\Users\Андрей\Documents\GitHub\BillingSystem-CSharp\Help\Help\Working\Output\HtmlHelp1\icons\pubstructure.gif
C:\Program Files (x86)\Sandcastle\\Presentation\VS2010\icons\search.gif -&gt; C:\Users\Андрей\Documents\GitHub\BillingSystem-CSharp\Help\Help\Working\Output\HtmlHelp1\icons\search.gif
C:\Program Files (x86)\Sandcastle\\Presentation\VS2010\icons\search_bk.gif -&gt; C:\Users\Андрей\Documents\GitHub\BillingSystem-CSharp\Help\Help\Working\Output\HtmlHelp1\icons\search_bk.gif
C:\Program Files (x86)\Sandcastle\\Presentation\VS2010\icons\security.gif -&gt; C:\Users\Андрей\Documents\GitHub\BillingSystem-CSharp\Help\Help\Working\Output\HtmlHelp1\icons\security.gif
C:\Program Files (x86)\Sandcastle\\Presentation\VS2010\icons\slMobile.gif -&gt; C:\Users\Андрей\Documents\GitHub\BillingSystem-CSharp\Help\Help\Working\Output\HtmlHelp1\icons\slMobile.gif
C:\Program Files (x86)\Sandcastle\\Presentation\VS2010\icons\static.gif -&gt; C:\Users\Андрей\Documents\GitHub\BillingSystem-CSharp\Help\Help\Working\Output\HtmlHelp1\icons\static.gif
C:\Program Files (x86)\Sandcastle\\Presentation\VS2010\icons\tabLeftBG.gif -&gt; C:\Users\Андрей\Documents\GitHub\BillingSystem-CSharp\Help\Help\Working\Output\HtmlHelp1\icons\tabLeftBG.gif
C:\Program Files (x86)\Sandcastle\\Presentation\VS2010\icons\tabRightBG.gif -&gt; C:\Users\Андрей\Documents\GitHub\BillingSystem-CSharp\Help\Help\Working\Output\HtmlHelp1\icons\tabRightBG.gif
C:\Program Files (x86)\Sandcastle\\Presentation\VS2010\icons\ui_om_collapse.gif -&gt; C:\Users\Андрей\Documents\GitHub\BillingSystem-CSharp\Help\Help\Working\Output\HtmlHelp1\icons\ui_om_collapse.gif
C:\Program Files (x86)\Sandcastle\\Presentation\VS2010\icons\ui_om_expand.gif -&gt; C:\Users\Андрей\Documents\GitHub\BillingSystem-CSharp\Help\Help\Working\Output\HtmlHelp1\icons\ui_om_expand.gif
C:\Program Files (x86)\Sandcastle\\Presentation\VS2010\icons\xna.gif -&gt; C:\Users\Андрей\Documents\GitHub\BillingSystem-CSharp\Help\Help\Working\Output\HtmlHelp1\icons\xna.gif
C:\Program Files (x86)\Sandcastle\\Presentation\VS2010\scripts\branding.js -&gt; C:\Users\Андрей\Documents\GitHub\BillingSystem-CSharp\Help\Help\Working\Output\HtmlHelp1\scripts\branding.js
C:\Program Files (x86)\Sandcastle\\Presentation\VS2010\styles\branding-cs-CZ.css -&gt; C:\Users\Андрей\Documents\GitHub\BillingSystem-CSharp\Help\Help\Working\Output\HtmlHelp1\styles\branding-cs-CZ.css
C:\Program Files (x86)\Sandcastle\\Presentation\VS2010\styles\branding-de-DE.css -&gt; C:\Users\Андрей\Documents\GitHub\BillingSystem-CSharp\Help\Help\Working\Output\HtmlHelp1\styles\branding-de-DE.css
C:\Program Files (x86)\Sandcastle\\Presentation\VS2010\styles\branding-en-US.css -&gt; C:\Users\Андрей\Documents\GitHub\BillingSystem-CSharp\Help\Help\Working\Output\HtmlHelp1\styles\branding-en-US.css
C:\Program Files (x86)\Sandcastle\\Presentation\VS2010\styles\branding-es-ES.css -&gt; C:\Users\Андрей\Documents\GitHub\BillingSystem-CSharp\Help\Help\Working\Output\HtmlHelp1\styles\branding-es-ES.css
C:\Program Files (x86)\Sandcastle\\Presentation\VS2010\styles\branding-fr-FR.css -&gt; C:\Users\Андрей\Documents\GitHub\BillingSystem-CSharp\Help\Help\Working\Output\HtmlHelp1\styles\branding-fr-FR.css
C:\Program Files (x86)\Sandcastle\\Presentation\VS2010\styles\branding-it-IT.css -&gt; C:\Users\Андрей\Documents\GitHub\BillingSystem-CSharp\Help\Help\Working\Output\HtmlHelp1\styles\branding-it-IT.css
C:\Program Files (x86)\Sandcastle\\Presentation\VS2010\styles\branding-ja-JP.css -&gt; C:\Users\Андрей\Documents\GitHub\BillingSystem-CSharp\Help\Help\Working\Output\HtmlHelp1\styles\branding-ja-JP.css
C:\Program Files (x86)\Sandcastle\\Presentation\VS2010\styles\branding-ko-KR.css -&gt; C:\Users\Андрей\Documents\GitHub\BillingSystem-CSharp\Help\Help\Working\Output\HtmlHelp1\styles\branding-ko-KR.css
C:\Program Files (x86)\Sandcastle\\Presentation\VS2010\styles\branding-pl-PL.css -&gt; C:\Users\Андрей\Documents\GitHub\BillingSystem-CSharp\Help\Help\Working\Output\HtmlHelp1\styles\branding-pl-PL.css
C:\Program Files (x86)\Sandcastle\\Presentation\VS2010\styles\branding-pt-BR.css -&gt; C:\Users\Андрей\Documents\GitHub\BillingSystem-CSharp\Help\Help\Working\Output\HtmlHelp1\styles\branding-pt-BR.css
C:\Program Files (x86)\Sandcastle\\Presentation\VS2010\styles\branding-ru-RU.css -&gt; C:\Users\Андрей\Documents\GitHub\BillingSystem-CSharp\Help\Help\Working\Output\HtmlHelp1\styles\branding-ru-RU.css
C:\Program Files (x86)\Sandcastle\\Presentation\VS2010\styles\branding-tr-TR.css -&gt; C:\Users\Андрей\Documents\GitHub\BillingSystem-CSharp\Help\Help\Working\Output\HtmlHelp1\styles\branding-tr-TR.css
C:\Program Files (x86)\Sandcastle\\Presentation\VS2010\styles\branding-zh-CN.css -&gt; C:\Users\Андрей\Documents\GitHub\BillingSystem-CSharp\Help\Help\Working\Output\HtmlHelp1\styles\branding-zh-CN.css
C:\Program Files (x86)\Sandcastle\\Presentation\VS2010\styles\branding-zh-TW.css -&gt; C:\Users\Андрей\Documents\GitHub\BillingSystem-CSharp\Help\Help\Working\Output\HtmlHelp1\styles\branding-zh-TW.css
C:\Program Files (x86)\Sandcastle\\Presentation\VS2010\styles\branding.css -&gt; C:\Users\Андрей\Documents\GitHub\BillingSystem-CSharp\Help\Help\Working\Output\HtmlHelp1\styles\branding.css
Copying help branding...
C:\Program Files (x86)\Sandcastle\\Presentation\VS2010\branding\dev10.mshc -&gt; C:\Users\Андрей\Documents\GitHub\BillingSystem-CSharp\Help\Help\Working\Output\HtmlHelp1\branding\
C:\Program Files (x86)\Sandcastle\\Presentation\VS2010\branding\dev10.mshc -&gt; C:\Users\Андрей\Documents\GitHub\BillingSystem-CSharp\Help\Help\Working\branding
    C:\Program Files (x86)\Sandcastle\\Presentation\VS2010\branding\dev10.mshc/body.xslt -> C:\Users\Андрей\Documents\GitHub\BillingSystem-CSharp\Help\Help\Working\branding\body.xslt
    C:\Program Files (x86)\Sandcastle\\Presentation\VS2010\branding\dev10.mshc/head.xslt -> C:\Users\Андрей\Documents\GitHub\BillingSystem-CSharp\Help\Help\Working\branding\head.xslt
    C:\Program Files (x86)\Sandcastle\\Presentation\VS2010\branding\dev10.mshc/CodeSnippet.xslt -> C:\Users\Андрей\Documents\GitHub\BillingSystem-CSharp\Help\Help\Working\branding\CodeSnippet.xslt
    C:\Program Files (x86)\Sandcastle\\Presentation\VS2010\branding\dev10.mshc/codesnippet-cs-CZ.xslt -> C:\Users\Андрей\Documents\GitHub\BillingSystem-CSharp\Help\Help\Working\branding\codesnippet-cs-CZ.xslt
    C:\Program Files (x86)\Sandcastle\\Presentation\VS2010\branding\dev10.mshc/codesnippet-de-DE.xslt -> C:\Users\Андрей\Documents\GitHub\BillingSystem-CSharp\Help\Help\Working\branding\codesnippet-de-DE.xslt
    C:\Program Files (x86)\Sandcastle\\Presentation\VS2010\branding\dev10.mshc/codesnippet-en-US.xslt -> C:\Users\Андрей\Documents\GitHub\BillingSystem-CSharp\Help\Help\Working\branding\codesnippet-en-US.xslt
    C:\Program Files (x86)\Sandcastle\\Presentation\VS2010\branding\dev10.mshc/codesnippet-es-ES.xslt -> C:\Users\Андрей\Documents\GitHub\BillingSystem-CSharp\Help\Help\Working\branding\codesnippet-es-ES.xslt
    C:\Program Files (x86)\Sandcastle\\Presentation\VS2010\branding\dev10.mshc/codesnippet-fr-FR.xslt -> C:\Users\Андрей\Documents\GitHub\BillingSystem-CSharp\Help\Help\Working\branding\codesnippet-fr-FR.xslt
    C:\Program Files (x86)\Sandcastle\\Presentation\VS2010\branding\dev10.mshc/codesnippet-it-IT.xslt -> C:\Users\Андрей\Documents\GitHub\BillingSystem-CSharp\Help\Help\Working\branding\codesnippet-it-IT.xslt
    C:\Program Files (x86)\Sandcastle\\Presentation\VS2010\branding\dev10.mshc/codesnippet-ja-JP.xslt -> C:\Users\Андрей\Documents\GitHub\BillingSystem-CSharp\Help\Help\Working\branding\codesnippet-ja-JP.xslt
    C:\Program Files (x86)\Sandcastle\\Presentation\VS2010\branding\dev10.mshc/codesnippet-ko-KR.xslt -> C:\Users\Андрей\Documents\GitHub\BillingSystem-CSharp\Help\Help\Working\branding\codesnippet-ko-KR.xslt
    C:\Program Files (x86)\Sandcastle\\Presentation\VS2010\branding\dev10.mshc/codesnippet-pl-PL.xslt -> C:\Users\Андрей\Documents\GitHub\BillingSystem-CSharp\Help\Help\Working\branding\codesnippet-pl-PL.xslt
    C:\Program Files (x86)\Sandcastle\\Presentation\VS2010\branding\dev10.mshc/codesnippet-pt-BR.xslt -> C:\Users\Андрей\Documents\GitHub\BillingSystem-CSharp\Help\Help\Working\branding\codesnippet-pt-BR.xslt
    C:\Program Files (x86)\Sandcastle\\Presentation\VS2010\branding\dev10.mshc/codesnippet-ru-RU.xslt -> C:\Users\Андрей\Documents\GitHub\BillingSystem-CSharp\Help\Help\Working\branding\codesnippet-ru-RU.xslt
    C:\Program Files (x86)\Sandcastle\\Presentation\VS2010\branding\dev10.mshc/codesnippet-tr-TR.xslt -> C:\Users\Андрей\Documents\GitHub\BillingSystem-CSharp\Help\Help\Working\branding\codesnippet-tr-TR.xslt
    C:\Program Files (x86)\Sandcastle\\Presentation\VS2010\branding\dev10.mshc/codesnippet-zh-CN.xslt -> C:\Users\Андрей\Documents\GitHub\BillingSystem-CSharp\Help\Help\Working\branding\codesnippet-zh-CN.xslt
    C:\Program Files (x86)\Sandcastle\\Presentation\VS2010\branding\dev10.mshc/codesnippet-zh-TW.xslt -> C:\Users\Андрей\Documents\GitHub\BillingSystem-CSharp\Help\Help\Working\branding\codesnippet-zh-TW.xslt
    C:\Program Files (x86)\Sandcastle\\Presentation\VS2010\branding\dev10.mshc/Identity.xslt -> C:\Users\Андрей\Documents\GitHub\BillingSystem-CSharp\Help\Help\Working\branding\Identity.xslt
    C:\Program Files (x86)\Sandcastle\\Presentation\VS2010\branding\dev10.mshc/InstrumentedLink.xslt -> C:\Users\Андрей\Documents\GitHub\BillingSystem-CSharp\Help\Help\Working\branding\InstrumentedLink.xslt
    C:\Program Files (x86)\Sandcastle\\Presentation\VS2010\branding\dev10.mshc/instrumentedlink-cs-CZ.xslt -> C:\Users\Андрей\Documents\GitHub\BillingSystem-CSharp\Help\Help\Working\branding\instrumentedlink-cs-CZ.xslt
    C:\Program Files (x86)\Sandcastle\\Presentation\VS2010\branding\dev10.mshc/instrumentedlink-de-DE.xslt -> C:\Users\Андрей\Documents\GitHub\BillingSystem-CSharp\Help\Help\Working\branding\instrumentedlink-de-DE.xslt
    C:\Program Files (x86)\Sandcastle\\Presentation\VS2010\branding\dev10.mshc/instrumentedlink-en-US.xslt -> C:\Users\Андрей\Documents\GitHub\BillingSystem-CSharp\Help\Help\Working\branding\instrumentedlink-en-US.xslt
    C:\Program Files (x86)\Sandcastle\\Presentation\VS2010\branding\dev10.mshc/instrumentedlink-es-ES.xslt -> C:\Users\Андрей\Documents\GitHub\BillingSystem-CSharp\Help\Help\Working\branding\instrumentedlink-es-ES.xslt
    C:\Program Files (x86)\Sandcastle\\Presentation\VS2010\branding\dev10.mshc/instrumentedlink-fr-FR.xslt -> C:\Users\Андрей\Documents\GitHub\BillingSystem-CSharp\Help\Help\Working\branding\instrumentedlink-fr-FR.xslt
    C:\Program Files (x86)\Sandcastle\\Presentation\VS2010\branding\dev10.mshc/instrumentedlink-it-IT.xslt -> C:\Users\Андрей\Documents\GitHub\BillingSystem-CSharp\Help\Help\Working\branding\instrumentedlink-it-IT.xslt
    C:\Program Files (x86)\Sandcastle\\Presentation\VS2010\branding\dev10.mshc/instrumentedlink-ja-JP.xslt -> C:\Users\Андрей\Documents\GitHub\BillingSystem-CSharp\Help\Help\Working\branding\instrumentedlink-ja-JP.xslt
    C:\Program Files (x86)\Sandcastle\\Presentation\VS2010\branding\dev10.mshc/instrumentedlink-ko-KR.xslt -> C:\Users\Андрей\Documents\GitHub\BillingSystem-CSharp\Help\Help\Working\branding\instrumentedlink-ko-KR.xslt
    C:\Program Files (x86)\Sandcastle\\Presentation\VS2010\branding\dev10.mshc/instrumentedlink-pl-PL.xslt -> C:\Users\Андрей\Documents\GitHub\BillingSystem-CSharp\Help\Help\Working\branding\instrumentedlink-pl-PL.xslt
    C:\Program Files (x86)\Sandcastle\\Presentation\VS2010\branding\dev10.mshc/instrumentedlink-pt-BR.xslt -> C:\Users\Андрей\Documents\GitHub\BillingSystem-CSharp\Help\Help\Working\branding\instrumentedlink-pt-BR.xslt
    C:\Program Files (x86)\Sandcastle\\Presentation\VS2010\branding\dev10.mshc/instrumentedlink-ru-RU.xslt -> C:\Users\Андрей\Documents\GitHub\BillingSystem-CSharp\Help\Help\Working\branding\instrumentedlink-ru-RU.xslt
    C:\Program Files (x86)\Sandcastle\\Presentation\VS2010\branding\dev10.mshc/instrumentedlink-tr-TR.xslt -> C:\Users\Андрей\Documents\GitHub\BillingSystem-CSharp\Help\Help\Working\branding\instrumentedlink-tr-TR.xslt
    C:\Program Files (x86)\Sandcastle\\Presentation\VS2010\branding\dev10.mshc/instrumentedlink-zh-CN.xslt -> C:\Users\Андрей\Documents\GitHub\BillingSystem-CSharp\Help\Help\Working\branding\instrumentedlink-zh-CN.xslt
    C:\Program Files (x86)\Sandcastle\\Presentation\VS2010\branding\dev10.mshc/instrumentedlink-zh-TW.xslt -> C:\Users\Андрей\Documents\GitHub\BillingSystem-CSharp\Help\Help\Working\branding\instrumentedlink-zh-TW.xslt
    C:\Program Files (x86)\Sandcastle\\Presentation\VS2010\branding\dev10.mshc/LanguageSpecificText.xslt -> C:\Users\Андрей\Documents\GitHub\BillingSystem-CSharp\Help\Help\Working\branding\LanguageSpecificText.xslt
    C:\Program Files (x86)\Sandcastle\\Presentation\VS2010\branding\dev10.mshc/MultiViewTable.xslt -> C:\Users\Андрей\Documents\GitHub\BillingSystem-CSharp\Help\Help\Working\branding\MultiViewTable.xslt
    C:\Program Files (x86)\Sandcastle\\Presentation\VS2010\branding\dev10.mshc/MultiViewTable-cs-CZ.xslt -> C:\Users\Андрей\Documents\GitHub\BillingSystem-CSharp\Help\Help\Working\branding\MultiViewTable-cs-CZ.xslt
    C:\Program Files (x86)\Sandcastle\\Presentation\VS2010\branding\dev10.mshc/MultiViewTable-de-DE.xslt -> C:\Users\Андрей\Documents\GitHub\BillingSystem-CSharp\Help\Help\Working\branding\MultiViewTable-de-DE.xslt
    C:\Program Files (x86)\Sandcastle\\Presentation\VS2010\branding\dev10.mshc/MultiViewTable-en-US.xslt -> C:\Users\Андрей\Documents\GitHub\BillingSystem-CSharp\Help\Help\Working\branding\MultiViewTable-en-US.xslt
    C:\Program Files (x86)\Sandcastle\\Presentation\VS2010\branding\dev10.mshc/MultiViewTable-es-ES.xslt -> C:\Users\Андрей\Documents\GitHub\BillingSystem-CSharp\Help\Help\Working\branding\MultiViewTable-es-ES.xslt
    C:\Program Files (x86)\Sandcastle\\Presentation\VS2010\branding\dev10.mshc/MultiViewTable-fr-FR.xslt -> C:\Users\Андрей\Documents\GitHub\BillingSystem-CSharp\Help\Help\Working\branding\MultiViewTable-fr-FR.xslt
    C:\Program Files (x86)\Sandcastle\\Presentation\VS2010\branding\dev10.mshc/MultiViewTable-it-IT.xslt -> C:\Users\Андрей\Documents\GitHub\BillingSystem-CSharp\Help\Help\Working\branding\MultiViewTable-it-IT.xslt
    C:\Program Files (x86)\Sandcastle\\Presentation\VS2010\branding\dev10.mshc/MultiViewTable-ja-JP.xslt -> C:\Users\Андрей\Documents\GitHub\BillingSystem-CSharp\Help\Help\Working\branding\MultiViewTable-ja-JP.xslt
    C:\Program Files (x86)\Sandcastle\\Presentation\VS2010\branding\dev10.mshc/MultiViewTable-ko-KR.xslt -> C:\Users\Андрей\Documents\GitHub\BillingSystem-CSharp\Help\Help\Working\branding\MultiViewTable-ko-KR.xslt
    C:\Program Files (x86)\Sandcastle\\Presentation\VS2010\branding\dev10.mshc/MultiViewTable-pl-PL.xslt -> C:\Users\Андрей\Documents\GitHub\BillingSystem-CSharp\Help\Help\Working\branding\MultiViewTable-pl-PL.xslt
    C:\Program Files (x86)\Sandcastle\\Presentation\VS2010\branding\dev10.mshc/MultiViewTable-pt-BR.xslt -> C:\Users\Андрей\Documents\GitHub\BillingSystem-CSharp\Help\Help\Working\branding\MultiViewTable-pt-BR.xslt
    C:\Program Files (x86)\Sandcastle\\Presentation\VS2010\branding\dev10.mshc/MultiViewTable-ru-RU.xslt -> C:\Users\Андрей\Documents\GitHub\BillingSystem-CSharp\Help\Help\Working\branding\MultiViewTable-ru-RU.xslt
    C:\Program Files (x86)\Sandcastle\\Presentation\VS2010\branding\dev10.mshc/MultiViewTable-tr-TR.xslt -> C:\Users\Андрей\Documents\GitHub\BillingSystem-CSharp\Help\Help\Working\branding\MultiViewTable-tr-TR.xslt
    C:\Program Files (x86)\Sandcastle\\Presentation\VS2010\branding\dev10.mshc/MultiViewTable-zh-CN.xslt -> C:\Users\Андрей\Documents\GitHub\BillingSystem-CSharp\Help\Help\Working\branding\MultiViewTable-zh-CN.xslt
    C:\Program Files (x86)\Sandcastle\\Presentation\VS2010\branding\dev10.mshc/MultiViewTable-zh-TW.xslt -> C:\Users\Андрей\Documents\GitHub\BillingSystem-CSharp\Help\Help\Working\branding\MultiViewTable-zh-TW.xslt
    C:\Program Files (x86)\Sandcastle\\Presentation\VS2010\branding\dev10.mshc/index.xslt -> C:\Users\Андрей\Documents\GitHub\BillingSystem-CSharp\Help\Help\Working\branding\index.xslt
    C:\Program Files (x86)\Sandcastle\\Presentation\VS2010\branding\dev10.mshc/index-cs-CZ.xslt -> C:\Users\Андрей\Documents\GitHub\BillingSystem-CSharp\Help\Help\Working\branding\index-cs-CZ.xslt
    C:\Program Files (x86)\Sandcastle\\Presentation\VS2010\branding\dev10.mshc/index-de-DE.xslt -> C:\Users\Андрей\Documents\GitHub\BillingSystem-CSharp\Help\Help\Working\branding\index-de-DE.xslt
    C:\Program Files (x86)\Sandcastle\\Presentation\VS2010\branding\dev10.mshc/index-en-US.xslt -> C:\Users\Андрей\Documents\GitHub\BillingSystem-CSharp\Help\Help\Working\branding\index-en-US.xslt
    C:\Program Files (x86)\Sandcastle\\Presentation\VS2010\branding\dev10.mshc/index-es-ES.xslt -> C:\Users\Андрей\Documents\GitHub\BillingSystem-CSharp\Help\Help\Working\branding\index-es-ES.xslt
    C:\Program Files (x86)\Sandcastle\\Presentation\VS2010\branding\dev10.mshc/index-fr-FR.xslt -> C:\Users\Андрей\Documents\GitHub\BillingSystem-CSharp\Help\Help\Working\branding\index-fr-FR.xslt
    C:\Program Files (x86)\Sandcastle\\Presentation\VS2010\branding\dev10.mshc/index-it-IT.xslt -> C:\Users\Андрей\Documents\GitHub\BillingSystem-CSharp\Help\Help\Working\branding\index-it-IT.xslt
    C:\Program Files (x86)\Sandcastle\\Presentation\VS2010\branding\dev10.mshc/index-ja-JP.xslt -> C:\Users\Андрей\Documents\GitHub\BillingSystem-CSharp\Help\Help\Working\branding\index-ja-JP.xslt
    C:\Program Files (x86)\Sandcastle\\Presentation\VS2010\branding\dev10.mshc/index-ko-KR.xslt -> C:\Users\Андрей\Documents\GitHub\BillingSystem-CSharp\Help\Help\Working\branding\index-ko-KR.xslt
    C:\Program Files (x86)\Sandcastle\\Presentation\VS2010\branding\dev10.mshc/index-pl-PL.xslt -> C:\Users\Андрей\Documents\GitHub\BillingSystem-CSharp\Help\Help\Working\branding\index-pl-PL.xslt
    C:\Program Files (x86)\Sandcastle\\Presentation\VS2010\branding\dev10.mshc/index-pt-BR.xslt -> C:\Users\Андрей\Documents\GitHub\BillingSystem-CSharp\Help\Help\Working\branding\index-pt-BR.xslt
    C:\Program Files (x86)\Sandcastle\\Presentation\VS2010\branding\dev10.mshc/index-ru-RU.xslt -> C:\Users\Андрей\Documents\GitHub\BillingSystem-CSharp\Help\Help\Working\branding\index-ru-RU.xslt
    C:\Program Files (x86)\Sandcastle\\Presentation\VS2010\branding\dev10.mshc/index-tr-TR.xslt -> C:\Users\Андрей\Documents\GitHub\BillingSystem-CSharp\Help\Help\Working\branding\index-tr-TR.xslt
    C:\Program Files (x86)\Sandcastle\\Presentation\VS2010\branding\dev10.mshc/index-zh-CN.xslt -> C:\Users\Андрей\Documents\GitHub\BillingSystem-CSharp\Help\Help\Working\branding\index-zh-CN.xslt
    C:\Program Files (x86)\Sandcastle\\Presentation\VS2010\branding\dev10.mshc/index-zh-TW.xslt -> C:\Users\Андрей\Documents\GitHub\BillingSystem-CSharp\Help\Help\Working\branding\index-zh-TW.xslt
    C:\Program Files (x86)\Sandcastle\\Presentation\VS2010\branding\dev10.mshc/search.xslt -> C:\Users\Андрей\Documents\GitHub\BillingSystem-CSharp\Help\Help\Working\branding\search.xslt
    C:\Program Files (x86)\Sandcastle\\Presentation\VS2010\branding\dev10.mshc/search-cs-CZ.xslt -> C:\Users\Андрей\Documents\GitHub\BillingSystem-CSharp\Help\Help\Working\branding\search-cs-CZ.xslt
    C:\Program Files (x86)\Sandcastle\\Presentation\VS2010\branding\dev10.mshc/search-de-DE.xslt -> C:\Users\Андрей\Documents\GitHub\BillingSystem-CSharp\Help\Help\Working\branding\search-de-DE.xslt
    C:\Program Files (x86)\Sandcastle\\Presentation\VS2010\branding\dev10.mshc/search-en-US.xslt -> C:\Users\Андрей\Documents\GitHub\BillingSystem-CSharp\Help\Help\Working\branding\search-en-US.xslt
    C:\Program Files (x86)\Sandcastle\\Presentation\VS2010\branding\dev10.mshc/search-es-ES.xslt -> C:\Users\Андрей\Documents\GitHub\BillingSystem-CSharp\Help\Help\Working\branding\search-es-ES.xslt
    C:\Program Files (x86)\Sandcastle\\Presentation\VS2010\branding\dev10.mshc/search-fr-FR.xslt -> C:\Users\Андрей\Documents\GitHub\BillingSystem-CSharp\Help\Help\Working\branding\search-fr-FR.xslt
    C:\Program Files (x86)\Sandcastle\\Presentation\VS2010\branding\dev10.mshc/search-it-IT.xslt -> C:\Users\Андрей\Documents\GitHub\BillingSystem-CSharp\Help\Help\Working\branding\search-it-IT.xslt
    C:\Program Files (x86)\Sandcastle\\Presentation\VS2010\branding\dev10.mshc/search-ja-JP.xslt -> C:\Users\Андрей\Documents\GitHub\BillingSystem-CSharp\Help\Help\Working\branding\search-ja-JP.xslt
    C:\Program Files (x86)\Sandcastle\\Presentation\VS2010\branding\dev10.mshc/search-ko-KR.xslt -> C:\Users\Андрей\Documents\GitHub\BillingSystem-CSharp\Help\Help\Working\branding\search-ko-KR.xslt
    C:\Program Files (x86)\Sandcastle\\Presentation\VS2010\branding\dev10.mshc/search-pl-PL.xslt -> C:\Users\Андрей\Documents\GitHub\BillingSystem-CSharp\Help\Help\Working\branding\search-pl-PL.xslt
    C:\Program Files (x86)\Sandcastle\\Presentation\VS2010\branding\dev10.mshc/search-pt-BR.xslt -> C:\Users\Андрей\Documents\GitHub\BillingSystem-CSharp\Help\Help\Working\branding\search-pt-BR.xslt
    C:\Program Files (x86)\Sandcastle\\Presentation\VS2010\branding\dev10.mshc/search-ru-RU.xslt -> C:\Users\Андрей\Documents\GitHub\BillingSystem-CSharp\Help\Help\Working\branding\search-ru-RU.xslt
    C:\Program Files (x86)\Sandcastle\\Presentation\VS2010\branding\dev10.mshc/search-tr-TR.xslt -> C:\Users\Андрей\Documents\GitHub\BillingSystem-CSharp\Help\Help\Working\branding\search-tr-TR.xslt
    C:\Program Files (x86)\Sandcastle\\Presentation\VS2010\branding\dev10.mshc/search-zh-CN.xslt -> C:\Users\Андрей\Documents\GitHub\BillingSystem-CSharp\Help\Help\Working\branding\search-zh-CN.xslt
    C:\Program Files (x86)\Sandcastle\\Presentation\VS2010\branding\dev10.mshc/search-zh-TW.xslt -> C:\Users\Андрей\Documents\GitHub\BillingSystem-CSharp\Help\Help\Working\branding\search-zh-TW.xslt
    C:\Program Files (x86)\Sandcastle\\Presentation\VS2010\branding\dev10.mshc/toc.xslt -> C:\Users\Андрей\Documents\GitHub\BillingSystem-CSharp\Help\Help\Working\branding\toc.xslt
    C:\Program Files (x86)\Sandcastle\\Presentation\VS2010\branding\dev10.mshc/toc-cs-CZ.xslt -> C:\Users\Андрей\Documents\GitHub\BillingSystem-CSharp\Help\Help\Working\branding\toc-cs-CZ.xslt
    C:\Program Files (x86)\Sandcastle\\Presentation\VS2010\branding\dev10.mshc/toc-de-DE.xslt -> C:\Users\Андрей\Documents\GitHub\BillingSystem-CSharp\Help\Help\Working\branding\toc-de-DE.xslt
    C:\Program Files (x86)\Sandcastle\\Presentation\VS2010\branding\dev10.mshc/toc-en-US.xslt -> C:\Users\Андрей\Documents\GitHub\BillingSystem-CSharp\Help\Help\Working\branding\toc-en-US.xslt
    C:\Program Files (x86)\Sandcastle\\Presentation\VS2010\branding\dev10.mshc/toc-es-ES.xslt -> C:\Users\Андрей\Documents\GitHub\BillingSystem-CSharp\Help\Help\Working\branding\toc-es-ES.xslt
    C:\Program Files (x86)\Sandcastle\\Presentation\VS2010\branding\dev10.mshc/toc-fr-FR.xslt -> C:\Users\Андрей\Documents\GitHub\BillingSystem-CSharp\Help\Help\Working\branding\toc-fr-FR.xslt
    C:\Program Files (x86)\Sandcastle\\Presentation\VS2010\branding\dev10.mshc/toc-it-IT.xslt -> C:\Users\Андрей\Documents\GitHub\BillingSystem-CSharp\Help\Help\Working\branding\toc-it-IT.xslt
    C:\Program Files (x86)\Sandcastle\\Presentation\VS2010\branding\dev10.mshc/toc-ja-JP.xslt -> C:\Users\Андрей\Documents\GitHub\BillingSystem-CSharp\Help\Help\Working\branding\toc-ja-JP.xslt
    C:\Program Files (x86)\Sandcastle\\Presentation\VS2010\branding\dev10.mshc/toc-ko-KR.xslt -> C:\Users\Андрей\Documents\GitHub\BillingSystem-CSharp\Help\Help\Working\branding\toc-ko-KR.xslt
    C:\Program Files (x86)\Sandcastle\\Presentation\VS2010\branding\dev10.mshc/toc-pl-PL.xslt -> C:\Users\Андрей\Documents\GitHub\BillingSystem-CSharp\Help\Help\Working\branding\toc-pl-PL.xslt
    C:\Program Files (x86)\Sandcastle\\Presentation\VS2010\branding\dev10.mshc/toc-pt-BR.xslt -> C:\Users\Андрей\Documents\GitHub\BillingSystem-CSharp\Help\Help\Working\branding\toc-pt-BR.xslt
    C:\Program Files (x86)\Sandcastle\\Presentation\VS2010\branding\dev10.mshc/toc-ru-RU.xslt -> C:\Users\Андрей\Documents\GitHub\BillingSystem-CSharp\Help\Help\Working\branding\toc-ru-RU.xslt
    C:\Program Files (x86)\Sandcastle\\Presentation\VS2010\branding\dev10.mshc/toc-tr-TR.xslt -> C:\Users\Андрей\Documents\GitHub\BillingSystem-CSharp\Help\Help\Working\branding\toc-tr-TR.xslt
    C:\Program Files (x86)\Sandcastle\\Presentation\VS2010\branding\dev10.mshc/toc-zh-CN.xslt -> C:\Users\Андрей\Documents\GitHub\BillingSystem-CSharp\Help\Help\Working\branding\toc-zh-CN.xslt
    C:\Program Files (x86)\Sandcastle\\Presentation\VS2010\branding\dev10.mshc/toc-zh-TW.xslt -> C:\Users\Андрей\Documents\GitHub\BillingSystem-CSharp\Help\Help\Working\branding\toc-zh-TW.xslt
C:\Program Files (x86)\Sandcastle\\Presentation\VS2010\branding -&gt; C:\Users\Андрей\Documents\GitHub\BillingSystem-CSharp\Help\Help\Working\Output\HtmlHelp1\branding\
C:\Program Files (x86)\Sandcastle\\Presentation\VS2010\branding -&gt; C:\Users\Андрей\Documents\GitHub\BillingSystem-CSharp\Help\Help\Working\branding
    C:\Program Files (x86)\Sandcastle\Presentation\VS2010\branding\branding.xml -> C:\Users\Андрей\Documents\GitHub\BillingSystem-CSharp\Help\Help\Working\branding\branding.xml
    C:\Program Files (x86)\Sandcastle\Presentation\VS2010\branding\branding.xslt -> C:\Users\Андрей\Documents\GitHub\BillingSystem-CSharp\Help\Help\Working\branding\branding.xslt
    C:\Program Files (x86)\Sandcastle\Presentation\VS2010\branding\branding-cs-CZ.xslt -> C:\Users\Андрей\Documents\GitHub\BillingSystem-CSharp\Help\Help\Working\branding\branding-cs-CZ.xslt
    C:\Program Files (x86)\Sandcastle\Presentation\VS2010\branding\branding-de-DE.xslt -> C:\Users\Андрей\Documents\GitHub\BillingSystem-CSharp\Help\Help\Working\branding\branding-de-DE.xslt
    C:\Program Files (x86)\Sandcastle\Presentation\VS2010\branding\branding-en-US.xslt -> C:\Users\Андрей\Documents\GitHub\BillingSystem-CSharp\Help\Help\Working\branding\branding-en-US.xslt
    C:\Program Files (x86)\Sandcastle\Presentation\VS2010\branding\branding-es-ES.xslt -> C:\Users\Андрей\Documents\GitHub\BillingSystem-CSharp\Help\Help\Working\branding\branding-es-ES.xslt
    C:\Program Files (x86)\Sandcastle\Presentation\VS2010\branding\branding-fr-FR.xslt -> C:\Users\Андрей\Documents\GitHub\BillingSystem-CSharp\Help\Help\Working\branding\branding-fr-FR.xslt
    C:\Program Files (x86)\Sandcastle\Presentation\VS2010\branding\branding-it-IT.xslt -> C:\Users\Андрей\Documents\GitHub\BillingSystem-CSharp\Help\Help\Working\branding\branding-it-IT.xslt
    C:\Program Files (x86)\Sandcastle\Presentation\VS2010\branding\branding-ja-JP.xslt -> C:\Users\Андрей\Documents\GitHub\BillingSystem-CSharp\Help\Help\Working\branding\branding-ja-JP.xslt
    C:\Program Files (x86)\Sandcastle\Presentation\VS2010\branding\branding-ko-KR.xslt -> C:\Users\Андрей\Documents\GitHub\BillingSystem-CSharp\Help\Help\Working\branding\branding-ko-KR.xslt
    C:\Program Files (x86)\Sandcastle\Presentation\VS2010\branding\branding-pl-PL.xslt -> C:\Users\Андрей\Documents\GitHub\BillingSystem-CSharp\Help\Help\Working\branding\branding-pl-PL.xslt
    C:\Program Files (x86)\Sandcastle\Presentation\VS2010\branding\branding-pt-BR.xslt -> C:\Users\Андрей\Documents\GitHub\BillingSystem-CSharp\Help\Help\Working\branding\branding-pt-BR.xslt
    C:\Program Files (x86)\Sandcastle\Presentation\VS2010\branding\branding-ru-RU.xslt -> C:\Users\Андрей\Documents\GitHub\BillingSystem-CSharp\Help\Help\Working\branding\branding-ru-RU.xslt
    C:\Program Files (x86)\Sandcastle\Presentation\VS2010\branding\branding-tr-TR.xslt -> C:\Users\Андрей\Documents\GitHub\BillingSystem-CSharp\Help\Help\Working\branding\branding-tr-TR.xslt
    C:\Program Files (x86)\Sandcastle\Presentation\VS2010\branding\branding-zh-CN.xslt -> C:\Users\Андрей\Documents\GitHub\BillingSystem-CSharp\Help\Help\Working\branding\branding-zh-CN.xslt
    C:\Program Files (x86)\Sandcastle\Presentation\VS2010\branding\branding-zh-TW.xslt -> C:\Users\Андрей\Documents\GitHub\BillingSystem-CSharp\Help\Help\Working\branding\branding-zh-TW.xslt
    C:\Program Files (x86)\Sandcastle\Presentation\VS2010\branding\ps-body.xslt -> C:\Users\Андрей\Documents\GitHub\BillingSystem-CSharp\Help\Help\Working\branding\ps-body.xslt
    C:\Program Files (x86)\Sandcastle\Presentation\VS2010\branding\ps-head.xslt -> C:\Users\Андрей\Documents\GitHub\BillingSystem-CSharp\Help\Help\Working\branding\ps-head.xslt
    C:\Program Files (x86)\Sandcastle\Presentation\VS2010\branding\ps-foot.xslt -> C:\Users\Андрей\Documents\GitHub\BillingSystem-CSharp\Help\Help\Working\branding\ps-foot.xslt
    C:\Program Files (x86)\Sandcastle\Presentation\VS2010\branding\ps-collapsibleArea.xslt -> C:\Users\Андрей\Documents\GitHub\BillingSystem-CSharp\Help\Help\Working\branding\ps-collapsibleArea.xslt
    C:\Program Files (x86)\Sandcastle\Presentation\VS2010\branding\ps-instrumentedLink.xslt -> C:\Users\Андрей\Documents\GitHub\BillingSystem-CSharp\Help\Help\Working\branding\ps-instrumentedLink.xslt
    C:\Program Files (x86)\Sandcastle\Presentation\VS2010\branding\ps-languageSpecificText.xslt -> C:\Users\Андрей\Documents\GitHub\BillingSystem-CSharp\Help\Help\Working\branding\ps-languageSpecificText.xslt
    C:\Program Files (x86)\Sandcastle\Presentation\VS2010\branding\ps-codesnippet.xslt -> C:\Users\Андрей\Documents\GitHub\BillingSystem-CSharp\Help\Help\Working\branding\ps-codesnippet.xslt
    Last step completed in 00:00:05.1453
</buildStep>
<buildStep step="CopyAdditionalContent">
Copying additional content files...
No additional content to copy
    Last step completed in 00:00:00.0950
</buildStep>
<buildStep step="MergeTablesOfContents">
Merging conceptual and additional tables of contents...
    Last step completed in 00:00:00.0040
</buildStep>
<buildStep step="GenerateIntermediateTableOfContents">
Generating intermediate table of contents file...
[c:\Windows\Microsoft.NET\Framework64\v4.0.30319\MSBuild.exe]
  XslTransform (v2.7.2.0)
  Copyright c 2006-2012, Microsoft Corporation, All Rights Reserved
  Info: Applying XSL transformation &#39;C:\Program Files (x86)\Sandcastle\\ProductionTransforms\CreateVSToc.xsl&#39;.
Generating conceptual content intermediate TOC file...
    Last step completed in 00:00:01.8191
</buildStep>
<buildStep step="CreateBuildAssemblerConfigs">
Creating Sandcastle configuration files...
    sandcastle.config
    Last step completed in 00:00:00.2150
</buildStep>
<buildStep step="MergeCustomConfigs">
Merging custom build component configurations
C:\Users\Андрей\Documents\GitHub\BillingSystem-CSharp\Help\Help\Working\sandcastle.config
    Last step completed in 00:00:00.2030
</buildStep>
<buildStep step="BuildReferenceTopics">
Building reference help topics...
[c:\Windows\Microsoft.NET\Framework64\v4.0.30319\MSBuild.exe]
  BuildAssembler (v2.7.2.0)
  Copyright c 2006-2012, Microsoft Corporation, All Rights Reserved
  Info: Loading configuration...
  Info: Processing topics...
  Warn: ResolveReferenceLinksComponent2: [M:BillingSystem.ConnectionManager.GetConnection] Unknown reference link target &#39;T:MySql.Data.MySqlClient.MySqlConnection&#39;.
  Warn: ResolveConceptualLinksComponent: [M:BillingSystem.DatabaseUtils.GetStringOrNull(MySql.Data.MySqlClient.MySqlDataReader,System.String)] Unknown conceptual link target &#39;b8020aae-374d-46a9-bcb7-8cc2390b93b6&#39;.
  Warn: ResolveConceptualLinksComponent: [M:BillingSystem.DatabaseUtils.GetStringOrNull(MySql.Data.MySqlClient.MySqlDataReader,System.String)] Unknown conceptual link target &#39;175ce3ff-9bbf-4e64-8421-faeb81a0bb51&#39;.
  Warn: ResolveReferenceLinksComponent2: [M:BillingSystem.DatabaseUtils.GetStringOrNull(MySql.Data.MySqlClient.MySqlDataReader,System.String)] Unknown reference link target &#39;T:MySql.Data.MySqlClient.MySqlDataReader&#39;.
  Warn: ResolveReferenceLinksComponent2: [M:BillingSystem.DatabaseUtils.GetStringOrNull(MySql.Data.MySqlClient.MySqlDataReader,System.String)] Unknown reference link target &#39;T:MySql.Data.MySqlClient.MySqlDataReader&#39;.
  Warn: ResolveReferenceLinksComponent2: [M:BillingSystem.DatabaseUtils.GetStringOrNull(MySql.Data.MySqlClient.MySqlDataReader,System.String)] Unknown reference link target &#39;T:MySql.Data.MySqlClient.MySqlDataReader&#39;.
  Info: Processed 442 topics
    Last step completed in 00:02:22.1461
</buildStep>
<buildStep step="CombiningIntermediateTocFiles">
Combining conceptual and API intermediate TOC files...
    Last step completed in 00:00:00.0860
</buildStep>
<buildStep step="ExtractingHtmlInfo">
Extracting HTML info for HTML Help 1 and/or website...
[c:\Windows\Microsoft.NET\Framework64\v4.0.30319\MSBuild.exe]
Sandcastle Help File Builder, version 1.9.6.0
Copyright c 2006-2012, Eric Woodruff, All Rights Reserved
E-Mail: Eric@EWoodruff.us

Using LCID &#39;1049&#39;, code page &#39;1251&#39;, encoding charset &#39;Windows-1251&#39;.

Processing Help 1 files in C:\Users\Ђ&#173;&#164;аҐ&#169;\Documents\GitHub\BillingSystem-CSharp\Help\Help\Working\Output\HtmlHelp1
Processed 442 HTML files
Sorting keywords and generating See Also indices
Saving HTML Help 1 keyword index to C:\Users\Ђ&#173;&#164;аҐ&#169;\Documents\GitHub\BillingSystem-CSharp\Help\Help\Working\BillingSystemDocumentation.hhk
Saving HTML Help 1 table of contents to C:\Users\Ђ&#173;&#164;аҐ&#169;\Documents\GitHub\BillingSystem-CSharp\Help\Help\Working\BillingSystemDocumentation.hhc
    Last step completed in 00:00:09.3045
</buildStep>
<buildStep step="GenerateHelpFormatTableOfContents">
Generating HTML Help 1 table of contents file...
    Last step completed in 00:00:00.0030
</buildStep>
<buildStep step="GenerateHelpFileIndex">
Generating HTML Help 1 index file...
    Last step completed in 00:00:00.0040
</buildStep>
<buildStep step="GenerateHelpProject">
Generating HTML Help 1 project file...
    Last step completed in 00:00:00.0380
</buildStep>
<buildStep step="CompilingHelpFile">
Compiling HTML Help 1 file...
[c:\Windows\Microsoft.NET\Framework64\v4.0.30319\MSBuild.exe]
  Microsoft HTML Help Compiler 4.74.8702
  
  
  
  Compiling c:\Users\Андрей\Documents\GitHub\BillingSystem-CSharp\Help\Help\Working\Output\HtmlHelp1\BillingSystemDocumentation.chm
  
  
  
  
  
  Compile time: 0 minutes, 12 seconds
  
  444	Topics
  
  5,000	Local links
  
  675	Internet links
  
  0	Graphics
  
  
  
  
  
  Created c:\Users\Андрей\Documents\GitHub\BillingSystem-CSharp\Help\Help\Working\Output\HtmlHelp1\BillingSystemDocumentation.chm, 538,713 bytes
  
  Compression decreased file by 3,521,321 bytes.
  
    Last step completed in 00:00:18.0470
</buildStep>
<buildStep step="CleanIntermediates">
Removing intermediate files...
    Last step completed in 00:00:00.6410
</buildStep>
<buildStep step="Completed">

Build completed successfully at 12.22.2012 02:51 .  Total time: 00:03:20,0334

</buildStep>
</shfbBuild>
